# JRE version: OpenJDK Runtime Environment Temurin-17.0.12+7 (17.0.12+7) (build 17.0.12+7)
# Java VM: OpenJDK 64-Bit Server VM Temurin-17.0.12+7 (17.0.12+7, mixed mode, tiered, compressed oops, compressed class ptrs, parallel gc, windows-amd64)
GC Precious Log:
 CPUs: 16 total, 16 available
 Memory: 10085M
 Large Page Support: Disabled
 NUMA Support: Disabled
 Compressed Oops: Enabled (32-bit)
 Alignments: Space 512K, Generation 512K, Heap 2M
 Heap Min Capacity: 100M
 Heap Initial Capacity: 100M
 Heap Max Capacity: 1G
 Pre-touch: Disabled
 Parallel Workers: 13
Heap:
 PSYoungGen      total 52736K, used 42219K [0x00000000eab00000, 0x00000000ef080000, 0x0000000100000000)
  eden space 41472K, 74% used [0x00000000eab00000,0x00000000ec93f9c0,0x00000000ed380000)
  from space 11264K, 99% used [0x00000000ee100000,0x00000000eebfb500,0x00000000eec00000)
  to   space 13824K, 0% used [0x00000000ed380000,0x00000000ed380000,0x00000000ee100000)
 ParOldGen       total 306688K, used 241863K [0x00000000c0000000, 0x00000000d2b80000, 0x00000000eab00000)
  object space 306688K, 78% used [0x00000000c0000000,0x00000000cec31ca0,0x00000000d2b80000)
 Metaspace       used 78941K, committed 80256K, reserved 1179648K
  class space    used 8176K, committed 8768K, reserved 1048576K
GC Heap History (20 events):
Event: 44.127 GC heap before
{Heap before GC invocations=411 (full 15):
 PSYoungGen      total 49152K, used 49140K [0x00000000eab00000, 0x00000000ee200000, 0x0000000100000000)
  eden space 44544K, 100% used [0x00000000eab00000,0x00000000ed680000,0x00000000ed680000)
  from space 4608K, 99% used [0x00000000edd80000,0x00000000ee1fd300,0x00000000ee200000)
  to   space 5120K, 0% used [0x00000000ed800000,0x00000000ed800000,0x00000000edd00000)
 ParOldGen       total 280064K, used 272633K [0x00000000c0000000, 0x00000000d1180000, 0x00000000eab00000)
  object space 280064K, 97% used [0x00000000c0000000,0x00000000d0a3e7d8,0x00000000d1180000)
 Metaspace       used 77559K, committed 78848K, reserved 1179648K
  class space    used 8073K, committed 8640K, reserved 1048576K
}
Event: 44.130 GC heap after
{Heap after GC invocations=411 (full 15):
 PSYoungGen      total 51200K, used 2938K [0x00000000eab00000, 0x00000000ee280000, 0x0000000100000000)
  eden space 46080K, 0% used [0x00000000eab00000,0x00000000eab00000,0x00000000ed800000)
  from space 5120K, 57% used [0x00000000ed800000,0x00000000edade8b0,0x00000000edd00000)
  to   space 4096K, 0% used [0x00000000ede80000,0x00000000ede80000,0x00000000ee280000)
 ParOldGen       total 280064K, used 272633K [0x00000000c0000000, 0x00000000d1180000, 0x00000000eab00000)
  object space 280064K, 97% used [0x00000000c0000000,0x00000000d0a3e7d8,0x00000000d1180000)
 Metaspace       used 77559K, committed 78848K, reserved 1179648K
  class space    used 8073K, committed 8640K, reserved 1048576K
}
Event: 44.196 GC heap before
{Heap before GC invocations=412 (full 15):
 PSYoungGen      total 51200K, used 49018K [0x00000000eab00000, 0x00000000ee280000, 0x0000000100000000)
  eden space 46080K, 100% used [0x00000000eab00000,0x00000000ed800000,0x00000000ed800000)
  from space 5120K, 57% used [0x00000000ed800000,0x00000000edade8b0,0x00000000edd00000)
  to   space 4096K, 0% used [0x00000000ede80000,0x00000000ede80000,0x00000000ee280000)
 ParOldGen       total 280064K, used 272633K [0x00000000c0000000, 0x00000000d1180000, 0x00000000eab00000)
  object space 280064K, 97% used [0x00000000c0000000,0x00000000d0a3e7d8,0x00000000d1180000)
 Metaspace       used 77745K, committed 78976K, reserved 1179648K
  class space    used 8106K, committed 8640K, reserved 1048576K
}
Event: 44.199 GC heap after
{Heap after GC invocations=412 (full 15):
 PSYoungGen      total 53248K, used 3104K [0x00000000eab00000, 0x00000000ee280000, 0x0000000100000000)
  eden space 49152K, 0% used [0x00000000eab00000,0x00000000eab00000,0x00000000edb00000)
  from space 4096K, 75% used [0x00000000ede80000,0x00000000ee1882f0,0x00000000ee280000)
  to   space 3584K, 0% used [0x00000000edb00000,0x00000000edb00000,0x00000000ede80000)
 ParOldGen       total 280064K, used 272633K [0x00000000c0000000, 0x00000000d1180000, 0x00000000eab00000)
  object space 280064K, 97% used [0x00000000c0000000,0x00000000d0a3e7d8,0x00000000d1180000)
 Metaspace       used 77745K, committed 78976K, reserved 1179648K
  class space    used 8106K, committed 8640K, reserved 1048576K
}
Event: 47.844 GC heap before
{Heap before GC invocations=413 (full 15):
 PSYoungGen      total 53248K, used 52256K [0x00000000eab00000, 0x00000000ee280000, 0x0000000100000000)
  eden space 49152K, 100% used [0x00000000eab00000,0x00000000edb00000,0x00000000edb00000)
  from space 4096K, 75% used [0x00000000ede80000,0x00000000ee1882f0,0x00000000ee280000)
  to   space 3584K, 0% used [0x00000000edb00000,0x00000000edb00000,0x00000000ede80000)
 ParOldGen       total 280064K, used 272633K [0x00000000c0000000, 0x00000000d1180000, 0x00000000eab00000)
  object space 280064K, 97% used [0x00000000c0000000,0x00000000d0a3e7d8,0x00000000d1180000)
 Metaspace       used 77842K, committed 79104K, reserved 1179648K
  class space    used 8119K, committed 8640K, reserved 1048576K
}
Event: 47.845 GC heap after
{Heap after GC invocations=413 (full 15):
 PSYoungGen      total 49152K, used 564K [0x00000000eab00000, 0x00000000edf00000, 0x0000000100000000)
  eden space 48128K, 0% used [0x00000000eab00000,0x00000000eab00000,0x00000000eda00000)
  from space 1024K, 55% used [0x00000000edb00000,0x00000000edb8d200,0x00000000edc00000)
  to   space 1536K, 0% used [0x00000000edd80000,0x00000000edd80000,0x00000000edf00000)
 ParOldGen       total 280064K, used 272641K [0x00000000c0000000, 0x00000000d1180000, 0x00000000eab00000)
  object space 280064K, 97% used [0x00000000c0000000,0x00000000d0a407d8,0x00000000d1180000)
 Metaspace       used 77842K, committed 79104K, reserved 1179648K
  class space    used 8119K, committed 8640K, reserved 1048576K
}
Event: 48.344 GC heap before
{Heap before GC invocations=414 (full 15):
 PSYoungGen      total 49152K, used 48692K [0x00000000eab00000, 0x00000000edf00000, 0x0000000100000000)
  eden space 48128K, 100% used [0x00000000eab00000,0x00000000eda00000,0x00000000eda00000)
  from space 1024K, 55% used [0x00000000edb00000,0x00000000edb8d200,0x00000000edc00000)
  to   space 1536K, 0% used [0x00000000edd80000,0x00000000edd80000,0x00000000edf00000)
 ParOldGen       total 280064K, used 272641K [0x00000000c0000000, 0x00000000d1180000, 0x00000000eab00000)
  object space 280064K, 97% used [0x00000000c0000000,0x00000000d0a407d8,0x00000000d1180000)
 Metaspace       used 78002K, committed 79296K, reserved 1179648K
  class space    used 8145K, committed 8704K, reserved 1048576K
}
Event: 48.363 GC heap after
{Heap after GC invocations=414 (full 15):
 PSYoungGen      total 47104K, used 1504K [0x00000000eab00000, 0x00000000ee500000, 0x0000000100000000)
  eden space 45568K, 0% used [0x00000000eab00000,0x00000000eab00000,0x00000000ed780000)
  from space 1536K, 97% used [0x00000000edd80000,0x00000000edef8310,0x00000000edf00000)
  to   space 6144K, 0% used [0x00000000ed780000,0x00000000ed780000,0x00000000edd80000)
 ParOldGen       total 280064K, used 276016K [0x00000000c0000000, 0x00000000d1180000, 0x00000000eab00000)
  object space 280064K, 98% used [0x00000000c0000000,0x00000000d0d8c268,0x00000000d1180000)
 Metaspace       used 78002K, committed 79296K, reserved 1179648K
  class space    used 8145K, committed 8704K, reserved 1048576K
}
Event: 50.319 GC heap before
{Heap before GC invocations=415 (full 15):
 PSYoungGen      total 47104K, used 47072K [0x00000000eab00000, 0x00000000ee500000, 0x0000000100000000)
  eden space 45568K, 100% used [0x00000000eab00000,0x00000000ed780000,0x00000000ed780000)
  from space 1536K, 97% used [0x00000000edd80000,0x00000000edef8310,0x00000000edf00000)
  to   space 6144K, 0% used [0x00000000ed780000,0x00000000ed780000,0x00000000edd80000)
 ParOldGen       total 280064K, used 276016K [0x00000000c0000000, 0x00000000d1180000, 0x00000000eab00000)
  object space 280064K, 98% used [0x00000000c0000000,0x00000000d0d8c268,0x00000000d1180000)
 Metaspace       used 78036K, committed 79296K, reserved 1179648K
  class space    used 8145K, committed 8704K, reserved 1048576K
}
Event: 50.321 GC heap after
{Heap after GC invocations=415 (full 15):
 PSYoungGen      total 45568K, used 928K [0x00000000eab00000, 0x00000000ede00000, 0x0000000100000000)
  eden space 44544K, 0% used [0x00000000eab00000,0x00000000eab00000,0x00000000ed680000)
  from space 1024K, 90% used [0x00000000ed780000,0x00000000ed868040,0x00000000ed880000)
  to   space 2560K, 0% used [0x00000000edb80000,0x00000000edb80000,0x00000000ede00000)
 ParOldGen       total 280064K, used 276032K [0x00000000c0000000, 0x00000000d1180000, 0x00000000eab00000)
  object space 280064K, 98% used [0x00000000c0000000,0x00000000d0d90268,0x00000000d1180000)
 Metaspace       used 78036K, committed 79296K, reserved 1179648K
  class space    used 8145K, committed 8704K, reserved 1048576K
}
Event: 51.740 GC heap before
{Heap before GC invocations=416 (full 15):
 PSYoungGen      total 45568K, used 45472K [0x00000000eab00000, 0x00000000ede00000, 0x0000000100000000)
  eden space 44544K, 100% used [0x00000000eab00000,0x00000000ed680000,0x00000000ed680000)
  from space 1024K, 90% used [0x00000000ed780000,0x00000000ed868040,0x00000000ed880000)
  to   space 2560K, 0% used [0x00000000edb80000,0x00000000edb80000,0x00000000ede00000)
 ParOldGen       total 280064K, used 276032K [0x00000000c0000000, 0x00000000d1180000, 0x00000000eab00000)
  object space 280064K, 98% used [0x00000000c0000000,0x00000000d0d90268,0x00000000d1180000)
 Metaspace       used 78189K, committed 79488K, reserved 1179648K
  class space    used 8151K, committed 8704K, reserved 1048576K
}
Event: 51.742 GC heap after
{Heap after GC invocations=416 (full 15):
 PSYoungGen      total 46592K, used 2541K [0x00000000eab00000, 0x00000000ede00000, 0x0000000100000000)
  eden space 44032K, 0% used [0x00000000eab00000,0x00000000eab00000,0x00000000ed600000)
  from space 2560K, 99% used [0x00000000edb80000,0x00000000eddfb6b0,0x00000000ede00000)
  to   space 3072K, 0% used [0x00000000ed800000,0x00000000ed800000,0x00000000edb00000)
 ParOldGen       total 280064K, used 276104K [0x00000000c0000000, 0x00000000d1180000, 0x00000000eab00000)
  object space 280064K, 98% used [0x00000000c0000000,0x00000000d0da2268,0x00000000d1180000)
 Metaspace       used 78189K, committed 79488K, reserved 1179648K
  class space    used 8151K, committed 8704K, reserved 1048576K
}
Event: 51.965 GC heap before
{Heap before GC invocations=417 (full 15):
 PSYoungGen      total 46592K, used 46573K [0x00000000eab00000, 0x00000000ede00000, 0x0000000100000000)
  eden space 44032K, 100% used [0x00000000eab00000,0x00000000ed600000,0x00000000ed600000)
  from space 2560K, 99% used [0x00000000edb80000,0x00000000eddfb6b0,0x00000000ede00000)
  to   space 3072K, 0% used [0x00000000ed800000,0x00000000ed800000,0x00000000edb00000)
 ParOldGen       total 280064K, used 276104K [0x00000000c0000000, 0x00000000d1180000, 0x00000000eab00000)
  object space 280064K, 98% used [0x00000000c0000000,0x00000000d0da2268,0x00000000d1180000)
 Metaspace       used 78363K, committed 79616K, reserved 1179648K
  class space    used 8158K, committed 8704K, reserved 1048576K
}
Event: 52.045 GC heap after
{Heap after GC invocations=417 (full 15):
 PSYoungGen      total 49152K, used 3049K [0x00000000eab00000, 0x00000000efa80000, 0x0000000100000000)
  eden space 46080K, 0% used [0x00000000eab00000,0x00000000eab00000,0x00000000ed800000)
  from space 3072K, 99% used [0x00000000ed800000,0x00000000edafa708,0x00000000edb00000)
  to   space 16896K, 0% used [0x00000000eea00000,0x00000000eea00000,0x00000000efa80000)
 ParOldGen       total 288256K, used 287778K [0x00000000c0000000, 0x00000000d1980000, 0x00000000eab00000)
  object space 288256K, 99% used [0x00000000c0000000,0x00000000d1908ad0,0x00000000d1980000)
 Metaspace       used 78363K, committed 79616K, reserved 1179648K
  class space    used 8158K, committed 8704K, reserved 1048576K
}
Event: 52.045 GC heap before
{Heap before GC invocations=418 (full 16):
 PSYoungGen      total 49152K, used 3049K [0x00000000eab00000, 0x00000000efa80000, 0x0000000100000000)
  eden space 46080K, 0% used [0x00000000eab00000,0x00000000eab00000,0x00000000ed800000)
  from space 3072K, 99% used [0x00000000ed800000,0x00000000edafa708,0x00000000edb00000)
  to   space 16896K, 0% used [0x00000000eea00000,0x00000000eea00000,0x00000000efa80000)
 ParOldGen       total 288256K, used 287778K [0x00000000c0000000, 0x00000000d1980000, 0x00000000eab00000)
  object space 288256K, 99% used [0x00000000c0000000,0x00000000d1908ad0,0x00000000d1980000)
 Metaspace       used 78363K, committed 79616K, reserved 1179648K
  class space    used 8158K, committed 8704K, reserved 1048576K
}
Event: 52.199 GC heap after
{Heap after GC invocations=418 (full 16):
 PSYoungGen      total 59392K, used 0K [0x00000000eab00000, 0x00000000ef800000, 0x0000000100000000)
  eden space 45056K, 0% used [0x00000000eab00000,0x00000000eab00000,0x00000000ed700000)
  from space 14336K, 0% used [0x00000000eea00000,0x00000000eea00000,0x00000000ef800000)
  to   space 16896K, 0% used [0x00000000ed700000,0x00000000ed700000,0x00000000ee780000)
 ParOldGen       total 306688K, used 240351K [0x00000000c0000000, 0x00000000d2b80000, 0x00000000eab00000)
  object space 306688K, 78% used [0x00000000c0000000,0x00000000ceab7ca0,0x00000000d2b80000)
 Metaspace       used 78363K, committed 79616K, reserved 1179648K
  class space    used 8158K, committed 8704K, reserved 1048576K
}
Event: 53.192 GC heap before
{Heap before GC invocations=419 (full 16):
 PSYoungGen      total 59392K, used 45056K [0x00000000eab00000, 0x00000000ef800000, 0x0000000100000000)
  eden space 45056K, 100% used [0x00000000eab00000,0x00000000ed700000,0x00000000ed700000)
  from space 14336K, 0% used [0x00000000eea00000,0x00000000eea00000,0x00000000ef800000)
  to   space 16896K, 0% used [0x00000000ed700000,0x00000000ed700000,0x00000000ee780000)
 ParOldGen       total 306688K, used 240351K [0x00000000c0000000, 0x00000000d2b80000, 0x00000000eab00000)
  object space 306688K, 78% used [0x00000000c0000000,0x00000000ceab7ca0,0x00000000d2b80000)
 Metaspace       used 78553K, committed 79808K, reserved 1179648K
  class space    used 8162K, committed 8704K, reserved 1048576K
}
Event: 53.200 GC heap after
{Heap after GC invocations=419 (full 16):
 PSYoungGen      total 52736K, used 8622K [0x00000000eab00000, 0x00000000eec00000, 0x0000000100000000)
  eden space 44032K, 0% used [0x00000000eab00000,0x00000000eab00000,0x00000000ed600000)
  from space 8704K, 99% used [0x00000000ed700000,0x00000000edf6ba60,0x00000000edf80000)
  to   space 11264K, 0% used [0x00000000ee100000,0x00000000ee100000,0x00000000eec00000)
 ParOldGen       total 306688K, used 240359K [0x00000000c0000000, 0x00000000d2b80000, 0x00000000eab00000)
  object space 306688K, 78% used [0x00000000c0000000,0x00000000ceab9ca0,0x00000000d2b80000)
 Metaspace       used 78553K, committed 79808K, reserved 1179648K
  class space    used 8162K, committed 8704K, reserved 1048576K
}
Event: 53.453 GC heap before
{Heap before GC invocations=420 (full 16):
 PSYoungGen      total 52736K, used 52654K [0x00000000eab00000, 0x00000000eec00000, 0x0000000100000000)
  eden space 44032K, 100% used [0x00000000eab00000,0x00000000ed600000,0x00000000ed600000)
  from space 8704K, 99% used [0x00000000ed700000,0x00000000edf6ba60,0x00000000edf80000)
  to   space 11264K, 0% used [0x00000000ee100000,0x00000000ee100000,0x00000000eec00000)
 ParOldGen       total 306688K, used 240359K [0x00000000c0000000, 0x00000000d2b80000, 0x00000000eab00000)
  object space 306688K, 78% used [0x00000000c0000000,0x00000000ceab9ca0,0x00000000d2b80000)
 Metaspace       used 78748K, committed 80000K, reserved 1179648K
  class space    used 8170K, committed 8704K, reserved 1048576K
}
Event: 53.465 GC heap after
{Heap after GC invocations=420 (full 16):
 PSYoungGen      total 52736K, used 11245K [0x00000000eab00000, 0x00000000ef080000, 0x0000000100000000)
  eden space 41472K, 0% used [0x00000000eab00000,0x00000000eab00000,0x00000000ed380000)
  from space 11264K, 99% used [0x00000000ee100000,0x00000000eebfb500,0x00000000eec00000)
  to   space 13824K, 0% used [0x00000000ed380000,0x00000000ed380000,0x00000000ee100000)
 ParOldGen       total 306688K, used 241863K [0x00000000c0000000, 0x00000000d2b80000, 0x00000000eab00000)
  object space 306688K, 78% used [0x00000000c0000000,0x00000000cec31ca0,0x00000000d2b80000)
 Metaspace       used 78748K, committed 80000K, reserved 1179648K
  class space    used 8170K, committed 8704K, reserved 1048576K
}

